2025-09-15 23:47:14,437 - INFO - Rime 词典刷新与辅助码管理工具（带日志）启动...
2025-09-15 23:47:14,437 - INFO - 日志文件已保存至: E:\RimeConfig\dict-pinyin-tools\logs\rime_dict_refresh_20250915_234714.log
2025-09-15 23:47:14,438 - WARNING - ⚠️ 警告：本工具会直接修改源文件，请确保已备份重要数据！
2025-09-15 23:47:14,438 - INFO - ===== 开始批量移除辅助码 =====
2025-09-15 23:47:14,439 - INFO - 找到 11 个文件需要处理
2025-09-15 23:47:16,835 - INFO - ✓ 已移除文件中的辅助码: base.pro.dict.yaml (修改行数: 848842)
2025-09-15 23:47:17,009 - INFO - ✓ 已移除文件中的辅助码: chars.pro.dict.yaml (修改行数: 51031)
2025-09-15 23:47:17,084 - INFO - ✓ 已移除文件中的辅助码: chengyu.txt (修改行数: 13130)
2025-09-15 23:47:17,091 - INFO - ✓ 已移除文件中的辅助码: cn&en.dict.yaml (修改行数: 1821)
2025-09-15 23:47:17,115 - INFO - ✓ 已移除文件中的辅助码: compatible.pro.dict.yaml (修改行数: 5195)
2025-09-15 23:47:17,119 - INFO - ✓ 已移除文件中的辅助码: corrections.pro.dict.yaml (修改行数: 143)
2025-09-15 23:47:19,604 - INFO - ✓ 已移除文件中的辅助码: correlation.pro.dict.yaml (修改行数: 705284)
2025-09-15 23:47:19,739 - INFO - ✓ 已移除文件中的辅助码: en.dict.yaml (修改行数: 51705)
2025-09-15 23:47:19,884 - INFO - ✓ 已移除文件中的辅助码: place.pro.dict.yaml (修改行数: 40381)
2025-09-15 23:47:21,161 - INFO - ✓ 已移除文件中的辅助码: poetry.pro.dict.yaml (修改行数: 327543)
2025-09-15 23:47:22,504 - INFO - ✓ 已移除文件中的辅助码: suggestion.pro.dict.yaml (修改行数: 347613)
2025-09-15 23:47:22,532 - INFO - 移除辅助码完成: 成功 11/11
2025-09-15 23:47:22,635 - INFO - ✓ 词组拼音加载 3 条
2025-09-15 23:47:22,718 - INFO - ✓ 单字拼音加载 1 条
2025-09-15 23:47:22,731 - INFO - ✓ 辅助码加载 6730 条
2025-09-15 23:47:22,732 - INFO - ===== 开始批量刷新词典文件 =====
2025-09-15 23:47:22,732 - INFO - 找到 11 个文件需要处理
2025-09-15 23:48:00,762 - INFO - ✓ 已刷新文件: base.pro.dict.yaml (拼音行数: 848842, 辅助码行数: 848842)
2025-09-15 23:48:01,992 - INFO - ✓ 已刷新文件: chars.pro.dict.yaml (拼音行数: 51031, 辅助码行数: 51031)
2025-09-15 23:48:02,882 - INFO - ✓ 已刷新文件: chengyu.txt (拼音行数: 13130, 辅助码行数: 13130)
2025-09-15 23:48:02,984 - INFO - ✓ 已刷新文件: cn&en.dict.yaml (拼音行数: 1821, 辅助码行数: 1821)
2025-09-15 23:48:03,373 - INFO - ✓ 已刷新文件: compatible.pro.dict.yaml (拼音行数: 5195, 辅助码行数: 5195)
2025-09-15 23:48:03,407 - INFO - ✓ 已刷新文件: corrections.pro.dict.yaml (拼音行数: 143, 辅助码行数: 143)
2025-09-15 23:48:43,250 - INFO - ✓ 已刷新文件: correlation.pro.dict.yaml (拼音行数: 705284, 辅助码行数: 705284)
2025-09-15 23:48:44,226 - INFO - ✓ 已刷新文件: en.dict.yaml (拼音行数: 51705, 辅助码行数: 51705)
2025-09-15 23:48:46,477 - INFO - ✓ 已刷新文件: place.pro.dict.yaml (拼音行数: 40381, 辅助码行数: 40381)
2025-09-15 23:49:12,000 - INFO - ✓ 已刷新文件: poetry.pro.dict.yaml (拼音行数: 327543, 辅助码行数: 327543)
2025-09-15 23:49:39,039 - INFO - ✓ 已刷新文件: suggestion.pro.dict.yaml (拼音行数: 347613, 辅助码行数: 347613)
2025-09-15 23:49:39,085 - INFO - 刷新词典完成: 成功 11/11
2025-09-15 23:49:39,085 - INFO - ===== 处理流程完成 =====
2025-09-15 23:49:39,086 - INFO - 详细日志已保存至: E:\RimeConfig\dict-pinyin-tools\logs\rime_dict_refresh_20250915_234714.log
2025-09-15 23:49:39,086 - INFO - 注意：请检查处理结果是否符合预期。建议定期备份词典文件。
