2025-09-17 00:20:57,254 - INFO - Rime 词典刷新与辅助码管理工具（带日志）启动...
2025-09-17 00:20:57,255 - INFO - 日志文件已保存至: E:\RimeConfig\Tools\dict-pinyin-tools\logs\rime_dict_refresh_20250917_002056.log
2025-09-17 00:20:57,257 - WARNING - ⚠️ 警告：本工具会直接修改源文件，请确保已备份重要数据！
2025-09-17 00:20:57,259 - INFO - ===== 开始批量移除辅助码 =====
2025-09-17 00:20:57,259 - INFO - 找到 11 个文件需要处理
2025-09-17 00:20:59,595 - INFO - ✓ 已移除文件中的辅助码: base.pro.dict.yaml (修改行数: 848913)
2025-09-17 00:20:59,749 - INFO - ✓ 已移除文件中的辅助码: chars.pro.dict.yaml (修改行数: 51031)
2025-09-17 00:20:59,771 - INFO -   未发现需要移除辅助码的内容: chengyu.txt
2025-09-17 00:20:59,778 - INFO - ✓ 已移除文件中的辅助码: cn&en.dict.yaml (修改行数: 2)
2025-09-17 00:20:59,795 - INFO - ✓ 已移除文件中的辅助码: compatible.pro.dict.yaml (修改行数: 5195)
2025-09-17 00:20:59,797 - INFO - ✓ 已移除文件中的辅助码: corrections.pro.dict.yaml (修改行数: 143)
2025-09-17 00:21:02,209 - INFO - ✓ 已移除文件中的辅助码: correlation.pro.dict.yaml (修改行数: 705359)
2025-09-17 00:21:02,332 - INFO - ✓ 已移除文件中的辅助码: en.dict.yaml (修改行数: 3)
2025-09-17 00:21:02,455 - INFO - ✓ 已移除文件中的辅助码: place.pro.dict.yaml (修改行数: 40381)
2025-09-17 00:21:03,706 - INFO - ✓ 已移除文件中的辅助码: poetry.pro.dict.yaml (修改行数: 327543)
2025-09-17 00:21:05,106 - INFO - ✓ 已移除文件中的辅助码: suggestion.pro.dict.yaml (修改行数: 347671)
2025-09-17 00:21:05,129 - INFO - 移除辅助码完成: 成功 11/11
2025-09-17 00:21:05,235 - INFO - ✓ 词组拼音加载 3 条
2025-09-17 00:21:05,313 - INFO - ✓ 单字拼音加载 1 条
2025-09-17 00:21:05,339 - INFO - ✓ 辅助码加载 6730 条
2025-09-17 00:21:05,340 - INFO - ===== 开始批量刷新词典文件 =====
2025-09-17 00:21:05,340 - INFO - 找到 11 个文件需要处理
2025-09-17 00:21:40,076 - INFO - ✓ 已刷新文件: base.pro.dict.yaml (拼音行数: 848913, 辅助码行数: 848913)
2025-09-17 00:21:41,257 - INFO - ✓ 已刷新文件: chars.pro.dict.yaml (拼音行数: 51031, 辅助码行数: 51031)
2025-09-17 00:21:42,030 - INFO - ✓ 已刷新文件: chengyu.txt (拼音行数: 13130, 辅助码行数: 13130)
2025-09-17 00:21:42,091 - INFO - ✓ 已刷新文件: cn&en.dict.yaml (拼音行数: 1824, 辅助码行数: 1824)
2025-09-17 00:21:42,353 - INFO - ✓ 已刷新文件: compatible.pro.dict.yaml (拼音行数: 5195, 辅助码行数: 5195)
2025-09-17 00:21:42,363 - INFO - ✓ 已刷新文件: corrections.pro.dict.yaml (拼音行数: 143, 辅助码行数: 143)
2025-09-17 00:22:25,999 - INFO - ✓ 已刷新文件: correlation.pro.dict.yaml (拼音行数: 705359, 辅助码行数: 705359)
2025-09-17 00:22:26,912 - INFO - ✓ 已刷新文件: en.dict.yaml (拼音行数: 51705, 辅助码行数: 51705)
2025-09-17 00:22:29,095 - INFO - ✓ 已刷新文件: place.pro.dict.yaml (拼音行数: 40381, 辅助码行数: 40381)
2025-09-17 00:22:54,413 - INFO - ✓ 已刷新文件: poetry.pro.dict.yaml (拼音行数: 327543, 辅助码行数: 327543)
2025-09-17 00:23:20,890 - INFO - ✓ 已刷新文件: suggestion.pro.dict.yaml (拼音行数: 347671, 辅助码行数: 347671)
2025-09-17 00:23:20,924 - INFO - 刷新词典完成: 成功 11/11
2025-09-17 00:23:20,925 - INFO - ===== 处理流程完成 =====
2025-09-17 00:23:20,925 - INFO - 详细日志已保存至: E:\RimeConfig\Tools\dict-pinyin-tools\logs\rime_dict_refresh_20250917_002056.log
2025-09-17 00:23:20,926 - INFO - 注意：请检查处理结果是否符合预期。建议定期备份词典文件。
