2025-09-17 00:15:52,759 - INFO - Rime 词典刷新与辅助码管理工具（带日志）启动...
2025-09-17 00:15:52,760 - INFO - 日志文件已保存至: E:\RimeConfig\Tools\dict-pinyin-tools\logs\rime_dict_refresh_20250917_001551.log
2025-09-17 00:15:52,761 - WARNING - ⚠️ 警告：本工具会直接修改源文件，请确保已备份重要数据！
2025-09-17 00:15:52,763 - INFO - ===== 开始批量移除辅助码 =====
2025-09-17 00:15:52,764 - INFO - 找到 11 个文件需要处理
2025-09-17 00:15:55,261 - INFO - ✓ 已移除文件中的辅助码: base.pro.dict.yaml (修改行数: 848913)
2025-09-17 00:15:55,414 - INFO - ✓ 已移除文件中的辅助码: chars.pro.dict.yaml (修改行数: 51031)
2025-09-17 00:15:55,436 - INFO -   未发现需要移除辅助码的内容: chengyu.txt
2025-09-17 00:15:55,442 - INFO - ✓ 已移除文件中的辅助码: cn&en.dict.yaml (修改行数: 2)
2025-09-17 00:15:55,459 - INFO - ✓ 已移除文件中的辅助码: compatible.pro.dict.yaml (修改行数: 5195)
2025-09-17 00:15:55,474 - INFO - ✓ 已移除文件中的辅助码: corrections.pro.dict.yaml (修改行数: 143)
2025-09-17 00:15:57,917 - INFO - ✓ 已移除文件中的辅助码: correlation.pro.dict.yaml (修改行数: 705359)
2025-09-17 00:15:58,047 - INFO - ✓ 已移除文件中的辅助码: en.dict.yaml (修改行数: 3)
2025-09-17 00:15:58,176 - INFO - ✓ 已移除文件中的辅助码: place.pro.dict.yaml (修改行数: 40381)
2025-09-17 00:15:59,474 - INFO - ✓ 已移除文件中的辅助码: poetry.pro.dict.yaml (修改行数: 327543)
2025-09-17 00:16:00,824 - INFO - ✓ 已移除文件中的辅助码: suggestion.pro.dict.yaml (修改行数: 347671)
2025-09-17 00:16:00,848 - INFO - 移除辅助码完成: 成功 11/11
2025-09-17 00:16:00,848 - WARNING - 自定义拼音目录不存在: e:\RimeConfig\dict-pinyin-tools\pinyin_data
2025-09-17 00:16:00,848 - WARNING - 辅助码文件不存在: e:\RimeConfig\dict-pinyin-tools\auxcode\手心辅易学码9.txt
2025-09-17 00:16:00,849 - INFO - ===== 开始批量刷新词典文件 =====
2025-09-17 00:16:00,849 - INFO - 找到 11 个文件需要处理
2025-09-17 00:16:30,580 - INFO - ✓ 已刷新文件: base.pro.dict.yaml (拼音行数: 848913, 辅助码行数: 0)
2025-09-17 00:16:31,534 - INFO - ✓ 已刷新文件: chars.pro.dict.yaml (拼音行数: 51031, 辅助码行数: 0)
2025-09-17 00:16:32,105 - INFO - ✓ 已刷新文件: chengyu.txt (拼音行数: 13130, 辅助码行数: 0)
2025-09-17 00:16:32,151 - INFO - ✓ 已刷新文件: cn&en.dict.yaml (拼音行数: 1824, 辅助码行数: 0)
2025-09-17 00:16:32,364 - INFO - ✓ 已刷新文件: compatible.pro.dict.yaml (拼音行数: 5195, 辅助码行数: 0)
2025-09-17 00:16:32,372 - INFO - ✓ 已刷新文件: corrections.pro.dict.yaml (拼音行数: 143, 辅助码行数: 0)
2025-09-17 00:17:05,985 - INFO -   未发现需要刷新的内容: correlation.pro.dict.yaml
2025-09-17 00:17:06,760 - INFO - ✓ 已刷新文件: en.dict.yaml (拼音行数: 51705, 辅助码行数: 0)
2025-09-17 00:17:08,534 - INFO -   未发现需要刷新的内容: place.pro.dict.yaml
2025-09-17 00:17:29,252 - INFO -   未发现需要刷新的内容: poetry.pro.dict.yaml
2025-09-17 00:17:50,043 - INFO - ✓ 已刷新文件: suggestion.pro.dict.yaml (拼音行数: 347671, 辅助码行数: 0)
2025-09-17 00:17:50,065 - INFO - 刷新词典完成: 成功 11/11
2025-09-17 00:17:50,066 - INFO - ===== 处理流程完成 =====
2025-09-17 00:17:50,066 - INFO - 详细日志已保存至: E:\RimeConfig\Tools\dict-pinyin-tools\logs\rime_dict_refresh_20250917_001551.log
2025-09-17 00:17:50,066 - INFO - 注意：请检查处理结果是否符合预期。建议定期备份词典文件。
