2025-09-17 17:37:24,361 - INFO - Rime 词典刷新与辅助码管理工具（带日志）启动...
2025-09-17 17:37:24,361 - INFO - 日志文件已保存至: D:\RimeConfig\Tools\dict-pinyin-tools\logs\rime_dict_refresh_20250917_173723.log
2025-09-17 17:37:24,363 - WARNING - ⚠️ 警告：本工具会直接修改源文件，请确保已备份重要数据！
2025-09-17 17:37:24,367 - INFO - ===== 开始批量移除辅助码 =====
2025-09-17 17:37:24,369 - INFO - 找到 11 个文件需要处理
2025-09-17 17:37:26,441 - INFO -   未发现需要移除辅助码的内容: base.pro.dict.yaml
2025-09-17 17:37:26,570 - INFO -   未发现需要移除辅助码的内容: chars.pro.dict.yaml
2025-09-17 17:37:26,595 - INFO -   未发现需要移除辅助码的内容: chengyu.txt
2025-09-17 17:37:26,600 - INFO -   未发现需要移除辅助码的内容: cn&en.dict.yaml
2025-09-17 17:37:26,614 - INFO -   未发现需要移除辅助码的内容: compatible.pro.dict.yaml
2025-09-17 17:37:26,616 - INFO -   未发现需要移除辅助码的内容: corrections.pro.dict.yaml
2025-09-17 17:37:28,597 - INFO -   未发现需要移除辅助码的内容: correlation.pro.dict.yaml
2025-09-17 17:37:28,706 - INFO -   未发现需要移除辅助码的内容: en.dict.yaml
2025-09-17 17:37:28,820 - INFO -   未发现需要移除辅助码的内容: place.pro.dict.yaml
2025-09-17 17:37:29,873 - INFO -   未发现需要移除辅助码的内容: poetry.pro.dict.yaml
2025-09-17 17:37:30,943 - INFO -   未发现需要移除辅助码的内容: suggestion.pro.dict.yaml
2025-09-17 17:37:30,970 - INFO - 移除辅助码完成: 成功 11/11
2025-09-17 17:37:30,970 - WARNING - 自定义拼音目录不存在: D:\RimeConfig\dict-pinyin-tools\pinyin_data
2025-09-17 17:37:30,971 - WARNING - 辅助码文件不存在: D:\RimeConfig\dict-pinyin-tools\auxcode\手心辅易学码9.txt
2025-09-17 17:37:30,971 - INFO - ===== 开始批量刷新词典文件 =====
2025-09-17 17:37:30,972 - INFO - 找到 11 个文件需要处理
2025-09-17 17:38:03,959 - INFO - ✓ 已刷新文件: base.pro.dict.yaml (拼音行数: 848913, 辅助码行数: 0)
2025-09-17 17:38:05,035 - INFO - ✓ 已刷新文件: chars.pro.dict.yaml (拼音行数: 51031, 辅助码行数: 0)
2025-09-17 17:38:05,609 - INFO - ✓ 已刷新文件: chengyu.txt (拼音行数: 13130, 辅助码行数: 0)
2025-09-17 17:38:05,666 - INFO - ✓ 已刷新文件: cn&en.dict.yaml (拼音行数: 1824, 辅助码行数: 0)
2025-09-17 17:38:05,902 - INFO - ✓ 已刷新文件: compatible.pro.dict.yaml (拼音行数: 5195, 辅助码行数: 0)
2025-09-17 17:38:05,911 - INFO - ✓ 已刷新文件: corrections.pro.dict.yaml (拼音行数: 143, 辅助码行数: 0)
2025-09-17 17:38:41,852 - INFO -   未发现需要刷新的内容: correlation.pro.dict.yaml
2025-09-17 17:38:42,591 - INFO - ✓ 已刷新文件: en.dict.yaml (拼音行数: 51705, 辅助码行数: 0)
2025-09-17 17:38:44,617 - INFO -   未发现需要刷新的内容: place.pro.dict.yaml
2025-09-17 17:39:15,864 - INFO -   未发现需要刷新的内容: poetry.pro.dict.yaml
2025-09-17 17:39:38,396 - INFO - ✓ 已刷新文件: suggestion.pro.dict.yaml (拼音行数: 347671, 辅助码行数: 0)
2025-09-17 17:39:38,425 - INFO - 刷新词典完成: 成功 11/11
2025-09-17 17:39:38,425 - INFO - ===== 处理流程完成 =====
2025-09-17 17:39:38,425 - INFO - 详细日志已保存至: D:\RimeConfig\Tools\dict-pinyin-tools\logs\rime_dict_refresh_20250917_173723.log
2025-09-17 17:39:38,425 - INFO - 注意：请检查处理结果是否符合预期。建议定期备份词典文件。
