2025-09-17 17:55:22,865 - INFO - Rime 词典刷新与辅助码管理工具（带日志）启动...
2025-09-17 17:55:22,866 - INFO - 日志文件已保存至: D:\RimeConfig\Tools\dict-pinyin-tools\logs\rime_dict_refresh_20250917_175522.log
2025-09-17 17:55:22,866 - WARNING - ⚠️ 警告：本工具会直接修改源文件，请确保已备份重要数据！
2025-09-17 17:55:22,867 - INFO - ===== 开始批量移除辅助码 =====
2025-09-17 17:55:22,868 - INFO - 找到 11 个文件需要处理
2025-09-17 17:55:27,039 - INFO - ✓ 已移除文件中的辅助码: base.pro.dict.yaml (修改行数: 848913)
2025-09-17 17:55:27,251 - INFO - ✓ 已移除文件中的辅助码: chars.pro.dict.yaml (修改行数: 51031)
2025-09-17 17:55:27,287 - INFO -   未发现需要移除辅助码的内容: chengyu.txt
2025-09-17 17:55:27,296 - INFO - ✓ 已移除文件中的辅助码: cn&en.dict.yaml (修改行数: 2)
2025-09-17 17:55:27,330 - INFO - ✓ 已移除文件中的辅助码: compatible.pro.dict.yaml (修改行数: 5195)
2025-09-17 17:55:27,334 - INFO - ✓ 已移除文件中的辅助码: corrections.pro.dict.yaml (修改行数: 143)
2025-09-17 17:55:32,278 - INFO - ✓ 已移除文件中的辅助码: correlation.pro.dict.yaml (修改行数: 705359)
2025-09-17 17:55:32,445 - INFO - ✓ 已移除文件中的辅助码: en.dict.yaml (修改行数: 3)
2025-09-17 17:55:32,693 - INFO - ✓ 已移除文件中的辅助码: place.pro.dict.yaml (修改行数: 40381)
2025-09-17 17:55:35,606 - INFO - ✓ 已移除文件中的辅助码: poetry.pro.dict.yaml (修改行数: 327543)
2025-09-17 17:55:38,481 - INFO - ✓ 已移除文件中的辅助码: suggestion.pro.dict.yaml (修改行数: 347671)
2025-09-17 17:55:38,539 - INFO - 移除辅助码完成: 成功 11/11
2025-09-17 17:55:38,671 - INFO - ✓ 词组拼音加载 3 条
2025-09-17 17:55:38,814 - INFO - ✓ 单字拼音加载 1 条
2025-09-17 17:55:38,840 - INFO - ✓ 辅助码加载 6730 条
2025-09-17 17:55:38,840 - INFO - ===== 开始批量刷新词典文件 =====
2025-09-17 17:55:38,841 - INFO - 找到 11 个文件需要处理
2025-09-17 17:55:48,842 - INFO - ✓ 已刷新文件: base.pro.dict.yaml (拼音行数: 848913, 辅助码行数: 848913)
2025-09-17 17:55:49,247 - INFO - ✓ 已刷新文件: chars.pro.dict.yaml (拼音行数: 51031, 辅助码行数: 51031)
2025-09-17 17:55:49,343 - INFO - ✓ 已刷新文件: chengyu.txt (拼音行数: 13130, 辅助码行数: 13130)
2025-09-17 17:55:49,360 - INFO - ✓ 已刷新文件: cn&en.dict.yaml (拼音行数: 1824, 辅助码行数: 1824)
2025-09-17 17:55:49,429 - INFO - ✓ 已刷新文件: compatible.pro.dict.yaml (拼音行数: 5195, 辅助码行数: 5195)
2025-09-17 17:55:49,434 - INFO - ✓ 已刷新文件: corrections.pro.dict.yaml (拼音行数: 143, 辅助码行数: 143)
2025-09-17 17:56:00,671 - INFO - ✓ 已刷新文件: correlation.pro.dict.yaml (拼音行数: 705359, 辅助码行数: 705359)
2025-09-17 17:56:01,096 - INFO - ✓ 已刷新文件: en.dict.yaml (拼音行数: 51705, 辅助码行数: 51705)
2025-09-17 17:56:01,780 - INFO - ✓ 已刷新文件: place.pro.dict.yaml (拼音行数: 40381, 辅助码行数: 40381)
2025-09-17 17:56:08,316 - INFO - ✓ 已刷新文件: poetry.pro.dict.yaml (拼音行数: 327543, 辅助码行数: 327543)
2025-09-17 17:56:14,720 - INFO - ✓ 已刷新文件: suggestion.pro.dict.yaml (拼音行数: 347671, 辅助码行数: 347671)
2025-09-17 17:56:14,750 - INFO - 刷新词典完成: 成功 11/11
2025-09-17 17:56:14,750 - INFO - ===== 处理流程完成 =====
2025-09-17 17:56:14,751 - INFO - 详细日志已保存至: D:\RimeConfig\Tools\dict-pinyin-tools\logs\rime_dict_refresh_20250917_175522.log
2025-09-17 17:56:14,751 - INFO - 注意：请检查处理结果是否符合预期。建议定期备份词典文件。
